RadioButtonAS/app/build/outputs/logs/manifest-merger-debug-report.txt
-- Merging decision tree log ---
manifest
ADDED from src\main\AndroidManifest.xml:3:1-21:12
	xmlns:android
		ADDED from src\main\AndroidManifest.xml:3:11-69
	package
		ADDED from src\main\AndroidManifest.xml:4:5-41
		INJECTED from src\main\AndroidManifest.xml
		INJECTED from src\main\AndroidManifest.xml
	android:versionName
		ADDED from src\main\AndroidManifest.xml:5:5-30
	android:versionCode
		ADDED from src\main\AndroidManifest.xml:4:42-65
		INJECTED from src\main\AndroidManifest.xml
		INJECTED from src\main\AndroidManifest.xml
supports-screens
ADDED from src\main\AndroidManifest.xml:7:2-132
	android:largeScreens
		ADDED from src\main\AndroidManifest.xml:7:46-73
	android:anyDensity
		ADDED from src\main\AndroidManifest.xml:7:20-45
	android:normalScreens
		ADDED from src\main\AndroidManifest.xml:7:74-102
	android:smallScreens
		ADDED from src\main\AndroidManifest.xml:7:103-130
uses-sdk
ADDED from src\main\AndroidManifest.xml:9:2-68
	android:targetSdkVersion
		ADDED from src\main\AndroidManifest.xml:9:38-66
		INJECTED from src\main\AndroidManifest.xml
		INJECTED from src\main\AndroidManifest.xml
	android:minSdkVersion
		ADDED from src\main\AndroidManifest.xml:9:12-37
		INJECTED from src\main\AndroidManifest.xml
		INJECTED from src\main\AndroidManifest.xml
application
ADDED from src\main\AndroidManifest.xml:11:2-19:16
	android:icon
		ADDED from src\main\AndroidManifest.xml:11:15-51
activity#com.juarezjunior.radiobutton.RadioButtonActivity
ADDED from src\main\AndroidManifest.xml:12:3-18:14
	android:label
		ADDED from src\main\AndroidManifest.xml:12:77-108
	android:name
		ADDED from src\main\AndroidManifest.xml:12:13-76
intent-filter#android.intent.action.MAIN+android.intent.category.LAUNCHER
ADDED from src\main\AndroidManifest.xml:13:4-17:20
action#android.intent.action.MAIN
ADDED from src\main\AndroidManifest.xml:14:5-56
	android:name
		ADDED from src\main\AndroidManifest.xml:14:13-54
category#android.intent.category.LAUNCHER
ADDED from src\main\AndroidManifest.xml:16:5-64
	android:name
		ADDED from src\main\AndroidManifest.xml:16:15-62